#
# There is insufficient memory for the Java Runtime Environment to continue.
# Native memory allocation (mmap) failed to map 357892096 bytes for committing reserved memory.
# Possible reasons:
#   The system is out of physical RAM or swap space
#   In 32 bit mode, the process size limit was hit
# Possible solutions:
#   Reduce memory load on the system
#   Increase physical memory or swap space
#   Check if swap backing store is full
#   Use 64 bit Java on a 64 bit OS
#   Decrease Java heap size (-Xmx/-Xms)
#   Decrease number of Java threads
#   Decrease Java thread stack sizes (-Xss)
#   Set larger code cache with -XX:ReservedCodeCacheSize=
# This output file may be truncated or incomplete.
#
#  Out of Memory Error (os_linux.cpp:2643), pid=11257, tid=0x00007f681ab2d700
#
# JRE version:  (8.0_181-b13) (build )
# Java VM: OpenJDK 64-Bit Server VM (25.181-b13 mixed mode linux-amd64 compressed oops)
# Failed to write core dump. Core dumps have been disabled. To enable core dumping, try "ulimit -c unlimited" before starting Java again
#

---------------  T H R E A D  ---------------

Current thread (0x00007f681400a800):  JavaThread "Unknown thread" [_thread_in_vm, id=11258, stack(0x00007f681aa2d000,0x00007f681ab2e000)]

Stack: [0x00007f681aa2d000,0x00007f681ab2e000],  sp=0x00007f681ab2c5b0,  free space=1021k
Native frames: (J=compiled Java code, j=interpreted, Vv=VM code, C=native code)
V  [libjvm.so+0xa740a0]
V  [libjvm.so+0x4c9abc]
V  [libjvm.so+0x8c1dd8]
V  [libjvm.so+0x8bc37e]
V  [libjvm.so+0xa70c54]
V  [libjvm.so+0x5cdd16]
V  [libjvm.so+0x4d30ef]
V  [libjvm.so+0x5cf0e2]
V  [libjvm.so+0x5ba62f]
V  [libjvm.so+0xa38331]
V  [libjvm.so+0xa38592]
V  [libjvm.so+0x61383f]
V  [libjvm.so+0xa1ce4a]
V  [libjvm.so+0x68d621]  JNI_CreateJavaVM+0x61
C  [libjli.so+0x2f06]
C  [libjli.so+0x753d]
C  [libpthread.so.0+0x7494]  start_thread+0xc4


---------------  P R O C E S S  ---------------

Java Threads: ( => current thread )

Other Threads:

=>0x00007f681400a800 (exited) JavaThread "Unknown thread" [_thread_in_vm, id=11258, stack(0x00007f681aa2d000,0x00007f681ab2e000)]

VM state:not at safepoint (not fully initialized)

VM Mutex/Monitor currently owned by a thread: None

GC Heap History (0 events):
No events

Deoptimization events (0 events):
No events

Classes redefined (0 events):
No events

Internal exceptions (0 events):
No events

Events (0 events):
No events


Dynamic libraries:
d5550000-100000000 ---p 00000000 00:00 0 
564216890000-564216891000 r-xp 00000000 08:01 148156                     /usr/lib/jvm/java-8-openjdk-amd64/jre/bin/java
564216a90000-564216a91000 r--p 00000000 08:01 148156                     /usr/lib/jvm/java-8-openjdk-amd64/jre/bin/java
564216a91000-564216a92000 rw-p 00001000 08:01 148156                     /usr/lib/jvm/java-8-openjdk-amd64/jre/bin/java
564217fc6000-564217fe7000 rw-p 00000000 00:00 0                          [heap]
7f6803dc8000-7f6803fc8000 ---p 00000000 00:00 0 
7f6803fc8000-7f6803fd3000 rw-p 00000000 00:00 0 
7f6803fd3000-7f6804389000 ---p 00000000 00:00 0 
7f6804389000-7f68045f9000 rwxp 00000000 00:00 0 
7f68045f9000-7f6813389000 ---p 00000000 00:00 0 
7f6813389000-7f6813391000 r-xp 00000000 08:01 148202                     /usr/lib/jvm/java-8-openjdk-amd64/jre/lib/amd64/libzip.so
7f6813391000-7f6813590000 ---p 00008000 08:01 148202                     /usr/lib/jvm/java-8-openjdk-amd64/jre/lib/amd64/libzip.so
7f6813590000-7f6813591000 r--p 00007000 08:01 148202                     /usr/lib/jvm/java-8-openjdk-amd64/jre/lib/amd64/libzip.so
7f6813591000-7f6813592000 rw-p 00008000 08:01 148202                     /usr/lib/jvm/java-8-openjdk-amd64/jre/lib/amd64/libzip.so
7f6813592000-7f681359c000 r-xp 00000000 08:01 524454                     /lib/x86_64-linux-gnu/libnss_files-2.24.so
7f681359c000-7f681379c000 ---p 0000a000 08:01 524454                     /lib/x86_64-linux-gnu/libnss_files-2.24.so
7f681379c000-7f681379d000 r--p 0000a000 08:01 524454                     /lib/x86_64-linux-gnu/libnss_files-2.24.so
7f681379d000-7f681379e000 rw-p 0000b000 08:01 524454                     /lib/x86_64-linux-gnu/libnss_files-2.24.so
7f681379e000-7f68137a4000 rw-p 00000000 00:00 0 
7f68137a4000-7f68137af000 r-xp 00000000 08:01 524760                     /lib/x86_64-linux-gnu/libnss_nis-2.24.so
7f68137af000-7f68139ae000 ---p 0000b000 08:01 524760                     /lib/x86_64-linux-gnu/libnss_nis-2.24.so
7f68139ae000-7f68139af000 r--p 0000a000 08:01 524760                     /lib/x86_64-linux-gnu/libnss_nis-2.24.so
7f68139af000-7f68139b0000 rw-p 0000b000 08:01 524760                     /lib/x86_64-linux-gnu/libnss_nis-2.24.so
7f68139b0000-7f68139c4000 r-xp 00000000 08:01 524399                     /lib/x86_64-linux-gnu/libnsl-2.24.so
7f68139c4000-7f6813bc4000 ---p 00014000 08:01 524399                     /lib/x86_64-linux-gnu/libnsl-2.24.so
7f6813bc4000-7f6813bc5000 r--p 00014000 08:01 524399                     /lib/x86_64-linux-gnu/libnsl-2.24.so
7f6813bc5000-7f6813bc6000 rw-p 00015000 08:01 524399                     /lib/x86_64-linux-gnu/libnsl-2.24.so
7f6813bc6000-7f6813bc8000 rw-p 00000000 00:00 0 
7f6813bc8000-7f6813bcf000 r-xp 00000000 08:01 524400                     /lib/x86_64-linux-gnu/libnss_compat-2.24.so
7f6813bcf000-7f6813dce000 ---p 00007000 08:01 524400                     /lib/x86_64-linux-gnu/libnss_compat-2.24.so
7f6813dce000-7f6813dcf000 r--p 00006000 08:01 524400                     /lib/x86_64-linux-gnu/libnss_compat-2.24.so
7f6813dcf000-7f6813dd0000 rw-p 00007000 08:01 524400                     /lib/x86_64-linux-gnu/libnss_compat-2.24.so
7f6813dd0000-7f6813dfd000 r-xp 00000000 08:01 148183                     /usr/lib/jvm/java-8-openjdk-amd64/jre/lib/amd64/libjava.so
7f6813dfd000-7f6813ffd000 ---p 0002d000 08:01 148183                     /usr/lib/jvm/java-8-openjdk-amd64/jre/lib/amd64/libjava.so
7f6813ffd000-7f6813ffe000 r--p 0002d000 08:01 148183                     /usr/lib/jvm/java-8-openjdk-amd64/jre/lib/amd64/libjava.so
7f6813ffe000-7f6814000000 rw-p 0002e000 08:01 148183                     /usr/lib/jvm/java-8-openjdk-amd64/jre/lib/amd64/libjava.so
7f6814000000-7f6814031000 rw-p 00000000 00:00 0 
7f6814031000-7f6818000000 ---p 00000000 00:00 0 
7f6818129000-7f6818138000 r-xp 00000000 08:01 148201                     /usr/lib/jvm/java-8-openjdk-amd64/jre/lib/amd64/libverify.so
7f6818138000-7f6818338000 ---p 0000f000 08:01 148201                     /usr/lib/jvm/java-8-openjdk-amd64/jre/lib/amd64/libverify.so
7f6818338000-7f681833a000 r--p 0000f000 08:01 148201                     /usr/lib/jvm/java-8-openjdk-amd64/jre/lib/amd64/libverify.so
7f681833a000-7f681833b000 rw-p 00011000 08:01 148201                     /usr/lib/jvm/java-8-openjdk-amd64/jre/lib/amd64/libverify.so
7f681833b000-7f6818342000 r-xp 00000000 08:01 524791                     /lib/x86_64-linux-gnu/librt-2.24.so
7f6818342000-7f6818541000 ---p 00007000 08:01 524791                     /lib/x86_64-linux-gnu/librt-2.24.so
7f6818541000-7f6818542000 r--p 00006000 08:01 524791                     /lib/x86_64-linux-gnu/librt-2.24.so
7f6818542000-7f6818543000 rw-p 00007000 08:01 524791                     /lib/x86_64-linux-gnu/librt-2.24.so
7f6818543000-7f6818559000 r-xp 00000000 08:01 524379                     /lib/x86_64-linux-gnu/libgcc_s.so.1
7f6818559000-7f6818758000 ---p 00016000 08:01 524379                     /lib/x86_64-linux-gnu/libgcc_s.so.1
7f6818758000-7f6818759000 r--p 00015000 08:01 524379                     /lib/x86_64-linux-gnu/libgcc_s.so.1
7f6818759000-7f681875a000 rw-p 00016000 08:01 524379                     /lib/x86_64-linux-gnu/libgcc_s.so.1
7f681875a000-7f681885d000 r-xp 00000000 08:01 524396                     /lib/x86_64-linux-gnu/libm-2.24.so
7f681885d000-7f6818a5c000 ---p 00103000 08:01 524396                     /lib/x86_64-linux-gnu/libm-2.24.so
7f6818a5c000-7f6818a5d000 r--p 00102000 08:01 524396                     /lib/x86_64-linux-gnu/libm-2.24.so
7f6818a5d000-7f6818a5e000 rw-p 00103000 08:01 524396                     /lib/x86_64-linux-gnu/libm-2.24.so
7f6818a5e000-7f6818bd0000 r-xp 00000000 08:01 135932                     /usr/lib/x86_64-linux-gnu/libstdc++.so.6.0.22
7f6818bd0000-7f6818dd0000 ---p 00172000 08:01 135932                     /usr/lib/x86_64-linux-gnu/libstdc++.so.6.0.22
7f6818dd0000-7f6818dda000 r--p 00172000 08:01 135932                     /usr/lib/x86_64-linux-gnu/libstdc++.so.6.0.22
7f6818dda000-7f6818ddc000 rw-p 0017c000 08:01 135932                     /usr/lib/x86_64-linux-gnu/libstdc++.so.6.0.22
7f6818ddc000-7f6818de0000 rw-p 00000000 00:00 0 
7f6818de0000-7f6819a3f000 r-xp 00000000 08:01 148205                     /usr/lib/jvm/java-8-openjdk-amd64/jre/lib/amd64/server/libjvm.so
7f6819a3f000-7f6819c3e000 ---p 00c5f000 08:01 148205                     /usr/lib/jvm/java-8-openjdk-amd64/jre/lib/amd64/server/libjvm.so
7f6819c3e000-7f6819cd2000 r--p 00c5e000 08:01 148205                     /usr/lib/jvm/java-8-openjdk-amd64/jre/lib/amd64/server/libjvm.so
7f6819cd2000-7f6819cfb000 rw-p 00cf2000 08:01 148205                     /usr/lib/jvm/java-8-openjdk-amd64/jre/lib/amd64/server/libjvm.so
7f6819cfb000-7f6819d2b000 rw-p 00000000 00:00 0 
7f6819d2b000-7f6819ec0000 r-xp 00000000 08:01 524392                     /lib/x86_64-linux-gnu/libc-2.24.so
7f6819ec0000-7f681a0c0000 ---p 00195000 08:01 524392                     /lib/x86_64-linux-gnu/libc-2.24.so
7f681a0c0000-7f681a0c4000 r--p 00195000 08:01 524392                     /lib/x86_64-linux-gnu/libc-2.24.so
7f681a0c4000-7f681a0c6000 rw-p 00199000 08:01 524392                     /lib/x86_64-linux-gnu/libc-2.24.so
7f681a0c6000-7f681a0ca000 rw-p 00000000 00:00 0 
7f681a0ca000-7f681a0cd000 r-xp 00000000 08:01 524395                     /lib/x86_64-linux-gnu/libdl-2.24.so
7f681a0cd000-7f681a2cc000 ---p 00003000 08:01 524395                     /lib/x86_64-linux-gnu/libdl-2.24.so
7f681a2cc000-7f681a2cd000 r--p 00002000 08:01 524395                     /lib/x86_64-linux-gnu/libdl-2.24.so
7f681a2cd000-7f681a2ce000 rw-p 00003000 08:01 524395                     /lib/x86_64-linux-gnu/libdl-2.24.so
7f681a2ce000-7f681a2db000 r-xp 00000000 08:01 148169                     /usr/lib/jvm/java-8-openjdk-amd64/jre/lib/amd64/jli/libjli.so
7f681a2db000-7f681a4db000 ---p 0000d000 08:01 148169                     /usr/lib/jvm/java-8-openjdk-amd64/jre/lib/amd64/jli/libjli.so
7f681a4db000-7f681a4dc000 r--p 0000d000 08:01 148169                     /usr/lib/jvm/java-8-openjdk-amd64/jre/lib/amd64/jli/libjli.so
7f681a4dc000-7f681a4dd000 rw-p 0000e000 08:01 148169                     /usr/lib/jvm/java-8-openjdk-amd64/jre/lib/amd64/jli/libjli.so
7f681a4dd000-7f681a4f6000 r-xp 00000000 08:01 524678                     /lib/x86_64-linux-gnu/libz.so.1.2.8
7f681a4f6000-7f681a6f5000 ---p 00019000 08:01 524678                     /lib/x86_64-linux-gnu/libz.so.1.2.8
7f681a6f5000-7f681a6f6000 r--p 00018000 08:01 524678                     /lib/x86_64-linux-gnu/libz.so.1.2.8
7f681a6f6000-7f681a6f7000 rw-p 00019000 08:01 524678                     /lib/x86_64-linux-gnu/libz.so.1.2.8
7f681a6f7000-7f681a70f000 r-xp 00000000 08:01 524787                     /lib/x86_64-linux-gnu/libpthread-2.24.so
7f681a70f000-7f681a90e000 ---p 00018000 08:01 524787                     /lib/x86_64-linux-gnu/libpthread-2.24.so
7f681a90e000-7f681a90f000 r--p 00017000 08:01 524787                     /lib/x86_64-linux-gnu/libpthread-2.24.so
7f681a90f000-7f681a910000 rw-p 00018000 08:01 524787                     /lib/x86_64-linux-gnu/libpthread-2.24.so
7f681a910000-7f681a914000 rw-p 00000000 00:00 0 
7f681a914000-7f681a937000 r-xp 00000000 08:01 524388                     /lib/x86_64-linux-gnu/ld-2.24.so
7f681aa25000-7f681aa2d000 rw-s 00000000 08:01 524699                     /tmp/hsperfdata_ynigoreyes/11257
7f681aa2d000-7f681aa30000 ---p 00000000 00:00 0 
7f681aa30000-7f681ab30000 rw-p 00000000 00:00 0 
7f681ab32000-7f681ab33000 rw-p 00000000 00:00 0 
7f681ab33000-7f681ab34000 r--p 00000000 00:00 0 
7f681ab34000-7f681ab37000 rw-p 00000000 00:00 0 
7f681ab37000-7f681ab38000 r--p 00023000 08:01 524388                     /lib/x86_64-linux-gnu/ld-2.24.so
7f681ab38000-7f681ab39000 rw-p 00024000 08:01 524388                     /lib/x86_64-linux-gnu/ld-2.24.so
7f681ab39000-7f681ab3a000 rw-p 00000000 00:00 0 
7fffbf3c5000-7fffbf3e6000 rw-p 00000000 00:00 0                          [stack]
7fffbf3ec000-7fffbf3ee000 r--p 00000000 00:00 0                          [vvar]
7fffbf3ee000-7fffbf3f0000 r-xp 00000000 00:00 0                          [vdso]
ffffffffff600000-ffffffffff601000 r-xp 00000000 00:00 0                  [vsyscall]

VM Arguments:
jvm_args: -Xmx1024M -Xms1024M 
java_command: server.jar nogui
java_class_path (initial): server.jar
Launcher Type: SUN_STANDARD

Environment Variables:
PATH=/usr/local/bin:/usr/bin:/bin:/usr/local/games:/usr/games
SHELL=/bin/bash

Signal Handlers:
SIGSEGV: [libjvm.so+0xa74b40], sa_mask[0]=11111111011111111101111111111110, sa_flags=SA_RESTART|SA_SIGINFO
SIGBUS: [libjvm.so+0xa74b40], sa_mask[0]=11111111011111111101111111111110, sa_flags=SA_RESTART|SA_SIGINFO
SIGFPE: [libjvm.so+0x8bd510], sa_mask[0]=11111111011111111101111111111110, sa_flags=SA_RESTART|SA_SIGINFO
SIGPIPE: [libjvm.so+0x8bd510], sa_mask[0]=11111111011111111101111111111110, sa_flags=SA_RESTART|SA_SIGINFO
SIGXFSZ: [libjvm.so+0x8bd510], sa_mask[0]=11111111011111111101111111111110, sa_flags=SA_RESTART|SA_SIGINFO
SIGILL: [libjvm.so+0x8bd510], sa_mask[0]=11111111011111111101111111111110, sa_flags=SA_RESTART|SA_SIGINFO
SIGUSR1: SIG_DFL, sa_mask[0]=00000000000000000000000000000000, sa_flags=none
SIGUSR2: [libjvm.so+0x8bd3c0], sa_mask[0]=00000000000000000000000000000000, sa_flags=SA_RESTART|SA_SIGINFO
SIGHUP: SIG_DFL, sa_mask[0]=00000000000000000000000000000000, sa_flags=none
SIGINT: SIG_DFL, sa_mask[0]=00000000000000000000000000000000, sa_flags=none
SIGTERM: SIG_DFL, sa_mask[0]=00000000000000000000000000000000, sa_flags=none
SIGQUIT: SIG_DFL, sa_mask[0]=00000000000000000000000000000000, sa_flags=none


---------------  S Y S T E M  ---------------

OS:PRETTY_NAME="Debian GNU/Linux 9 (stretch)"
NAME="Debian GNU/Linux"
VERSION_ID="9"
VERSION="9 (stretch)"
ID=debian
HOME_URL="https://www.debian.org/"
SUPPORT_URL="https://www.debian.org/support"
BUG_REPORT_URL="https://bugs.debian.org/"

uname:Linux 4.9.0-8-amd64 #1 SMP Debian 4.9.130-2 (2018-10-27) x86_64
libc:glibc 2.24 NPTL 2.24 
rlimit: STACK 8192k, CORE 0k, NPROC 14729, NOFILE 1048576, AS infinity
load average:0.32 0.15 0.31

/proc/meminfo:
MemTotal:        3792956 kB
MemFree:          121212 kB
MemAvailable:     100052 kB
Buffers:           22412 kB
Cached:           172696 kB
SwapCached:            0 kB
Active:          3501044 kB
Inactive:         108272 kB
Active(anon):    3414492 kB
Inactive(anon):    20552 kB
Active(file):      86552 kB
Inactive(file):    87720 kB
Unevictable:           0 kB
Mlocked:               0 kB
SwapTotal:             0 kB
SwapFree:              0 kB
Dirty:                32 kB
Writeback:             0 kB
AnonPages:       3414308 kB
Mapped:            27428 kB
Shmem:             20748 kB
Slab:              24940 kB
SReclaimable:      15768 kB
SUnreclaim:         9172 kB
KernelStack:        1456 kB
PageTables:         9336 kB
NFS_Unstable:          0 kB
Bounce:                0 kB
WritebackTmp:          0 kB
CommitLimit:     1896476 kB
Committed_AS:    3444860 kB
VmallocTotal:   34359738367 kB
VmallocUsed:           0 kB
VmallocChunk:          0 kB
HardwareCorrupted:     0 kB
AnonHugePages:         0 kB
ShmemHugePages:        0 kB
ShmemPmdMapped:        0 kB
HugePages_Total:       0
HugePages_Free:        0
HugePages_Rsvd:        0
HugePages_Surp:        0
Hugepagesize:       2048 kB
DirectMap4k:       73716 kB
DirectMap2M:     3858432 kB
DirectMap1G:           0 kB


CPU:total 1 (initial active 1) (1 cores per cpu, 1 threads per core) family 6 model 63 stepping 0, cmov, cx8, fxsr, mmx, sse, sse2, sse3, ssse3, sse4.1, sse4.2, popcnt, avx, avx2, aes, clmul, erms, lzcnt, tsc, tscinvbit, bmi1, bmi2

/proc/cpuinfo:
processor	: 0
vendor_id	: GenuineIntel
cpu family	: 6
model		: 63
model name	: Intel(R) Xeon(R) CPU @ 2.30GHz
stepping	: 0
microcode	: 0x1
cpu MHz		: 2300.000
cache size	: 46080 KB
physical id	: 0
siblings	: 1
core id		: 0
cpu cores	: 1
apicid		: 0
initial apicid	: 0
fpu		: yes
fpu_exception	: yes
cpuid level	: 13
wp		: yes
flags		: fpu vme de pse tsc msr pae mce cx8 apic sep mtrr pge mca cmov pat pse36 clflush mmx fxsr sse sse2 ss ht syscall nx pdpe1gb rdtscp lm constant_tsc rep_good nopl xtopology nonstop_tsc pni pclmulqdq ssse3 fma cx16 pcid sse4_1 sse4_2 x2apic movbe popcnt aes xsave avx f16c rdrand hypervisor lahf_lm abm invpcid_single ssbd ibrs ibpb stibp kaiser fsgsbase tsc_adjust bmi1 avx2 smep bmi2 erms invpcid xsaveopt arat arch_capabilities
bugs		: cpu_meltdown spectre_v1 spectre_v2 spec_store_bypass l1tf
bogomips	: 4600.00
clflush size	: 64
cache_alignment	: 64
address sizes	: 46 bits physical, 48 bits virtual
power management:



Memory: 4k page, physical 3792956k(121212k free), swap 0k(0k free)

vm_info: OpenJDK 64-Bit Server VM (25.181-b13) for linux-amd64 JRE (1.8.0_181-8u181-b13-2~deb9u1-b13), built on Oct 22 2018 18:05:23 by "pbuilder" with gcc 6.3.0 20170516

time: Sun Jan 20 07:20:05 2019
elapsed time: 0 seconds (0d 0h 0m 0s)

