[04:31:02] [Server thread/INFO]: heymigs6[/45.23.219.21:57301] logged in with entity id 559364 at (485.96371016363264, 79.0, 421.6158247031908)
[04:31:02] [Server thread/INFO]: heymigs6 joined the game
[04:31:04] [Server thread/WARN]: Can't keep up! Is the server overloaded? Running 2611ms or 52 ticks behind
[04:43:24] [Server thread/INFO]: heymigs6 was blown up by Creeper
[04:43:28] [Server thread/WARN]: heymigs6 moved too quickly! 64.16689260529625,19.28549136763874,272.75879508443825
[05:25:11] [Server thread/INFO]: shiahne[/73.206.97.90:53439] logged in with entity id 616160 at (480.956681224079, 84.5625, 424.15545748658474)
[05:25:11] [Server thread/INFO]: shiahne joined the game
[05:32:41] [Server thread/INFO]: shiahne lost connection: Disconnected
[05:32:41] [Server thread/INFO]: shiahne left the game
[05:53:25] [Server thread/INFO]: heymigs6 has made the advancement [Take Aim]
[06:00:12] [Server thread/INFO]: shiahne[/73.206.97.90:53523] logged in with entity id 649201 at (476.0703915103634, 79.5, 418.7777865289926)
[06:00:12] [Server thread/INFO]: shiahne joined the game
[07:08:07] [Server thread/WARN]: heymigs6 moved too quickly! -7.677003677115465,0.0,-6.548255538962962
[07:08:22] [Server thread/WARN]: heymigs6 moved too quickly! -2.8941832207335096,0.0,9.68327031794604
[07:58:38] [Server thread/INFO]: shiahne lost connection: Disconnected
[07:58:38] [Server thread/INFO]: shiahne left the game
[07:58:39] [Server thread/INFO]: heymigs6 lost connection: Disconnected
[07:58:39] [Server thread/INFO]: heymigs6 left the game
[08:22:20] [Server thread/INFO]: shiahne[/73.206.97.90:53795] logged in with entity id 767844 at (479.5, 84.0, 423.5)
[08:22:20] [Server thread/INFO]: shiahne joined the game
[08:22:27] [Server thread/INFO]: heymigs6[/45.23.219.21:49831] logged in with entity id 768074 at (482.5, 84.0, 423.5)
[08:22:27] [Server thread/INFO]: heymigs6 joined the game
[09:05:18] [Server thread/INFO]: heymigs6 lost connection: Disconnected
[09:05:19] [Server thread/INFO]: heymigs6 left the game
[09:05:54] [Server thread/INFO]: heymigs6[/45.23.219.21:50699] logged in with entity id 811572 at (535.6581263849853, 12.0, 386.30000001192093)
[09:05:54] [Server thread/INFO]: heymigs6 joined the game
[09:51:16] [Server thread/INFO]: shiahne lost connection: Disconnected
[09:51:16] [Server thread/INFO]: shiahne left the game
[09:52:10] [Server thread/INFO]: heymigs6 lost connection: Disconnected
[09:52:10] [Server thread/INFO]: heymigs6 left the game
[19:44:22] [Server thread/INFO]: shiahne[/73.206.97.90:54334] logged in with entity id 858764 at (529.8713133526044, 18.5, 452.2101076333183)
[19:44:22] [Server thread/INFO]: shiahne joined the game
[19:44:25] [Server thread/WARN]: Can't keep up! Is the server overloaded? Running 2803ms or 56 ticks behind
[19:47:11] [Server thread/WARN]: Can't keep up! Is the server overloaded? Running 2172ms or 43 ticks behind
[20:14:51] [Server thread/INFO]: heymigs6[/45.23.219.21:58434] logged in with entity id 885040 at (455.6055615526046, 79.0, 452.2260055711393)
[20:14:51] [Server thread/INFO]: heymigs6 joined the game
[21:08:35] [Server thread/INFO]: <heymigs6> help
[21:08:55] [Server thread/INFO]: <heymigs6> <3
[21:09:15] [Server thread/INFO]: <heymigs6> lets go store our stuff
[21:10:29] [Server thread/INFO]: <heymigs6> im going to get the minecart
[21:44:52] [Server thread/INFO]: shiahne has made the advancement [Diamonds!]
[22:19:12] [Server thread/WARN]: heymigs6 moved too quickly! -0.4680544851870536,0.0,-10.049565909314367
[22:36:22] [Server thread/WARN]: Can't keep up! Is the server overloaded? Running 2289ms or 45 ticks behind
[22:46:21] [Server thread/INFO]: heymigs6 lost connection: Disconnected
[22:46:21] [Server thread/INFO]: heymigs6 left the game
[23:22:54] [Server thread/INFO]: shiahne lost connection: Disconnected
[23:22:54] [Server thread/INFO]: shiahne left the game
