[17:33:38] [main/WARN]: Ambiguity between arguments [teleport, destination] and [teleport, targets] with inputs: [Player, 0123, @e, @e[type=foo], dd12be42-52a9-4a91-a8a1-11c01849e498]
[17:33:38] [main/WARN]: Ambiguity between arguments [teleport, location] and [teleport, destination] with inputs: [0.1 -0.5 .9, 0 0 0]
[17:33:38] [main/WARN]: Ambiguity between arguments [teleport, location] and [teleport, targets] with inputs: [0.1 -0.5 .9, 0 0 0]
[17:33:38] [main/WARN]: Ambiguity between arguments [teleport, targets] and [teleport, destination] with inputs: [Player, 0123, dd12be42-52a9-4a91-a8a1-11c01849e498]
[17:33:38] [main/WARN]: Ambiguity between arguments [teleport, targets, location] and [teleport, targets, destination] with inputs: [0.1 -0.5 .9, 0 0 0]
[17:33:38] [main/INFO]: Loaded 5 recipes
[17:33:38] [main/INFO]: Loaded 0 advancements
[17:33:38] [Server thread/INFO]: Starting minecraft server version 19w03c
[17:33:38] [Server thread/INFO]: Loading properties
[17:33:38] [Server thread/INFO]: Default game type: SURVIVAL
[17:33:38] [Server thread/INFO]: Generating keypair
[17:33:38] [Server thread/INFO]: Starting Minecraft server on *:25565
[17:33:38] [Server thread/INFO]: Using epoll channel type
[17:33:38] [Server thread/WARN]: **** SERVER IS RUNNING IN OFFLINE/INSECURE MODE!
[17:33:38] [Server thread/WARN]: The server will make no attempt to authenticate usernames. Beware.
[17:33:38] [Server thread/WARN]: While this makes the game possible to play without internet access, it also opens up the ability for hackers to connect with any username they choose.
[17:33:38] [Server thread/WARN]: To change this, set "online-mode" to "true" in the server.properties file.
[17:33:38] [Server thread/INFO]: Preparing level "world"
[17:33:39] [Server thread/INFO]: Reloading ResourceManager: Default
[17:33:39] [Server thread/INFO]: Loaded 5 recipes
[17:33:40] [Server thread/INFO]: Loaded 708 advancements
[17:33:40] [Server thread/ERROR]: Error loading saved data: villages
java.io.EOFException: null
	at java.util.zip.GZIPInputStream.readUByte(GZIPInputStream.java:268) ~[?:1.8.0_181]
	at java.util.zip.GZIPInputStream.readUShort(GZIPInputStream.java:258) ~[?:1.8.0_181]
	at java.util.zip.GZIPInputStream.readHeader(GZIPInputStream.java:164) ~[?:1.8.0_181]
	at java.util.zip.GZIPInputStream.<init>(GZIPInputStream.java:79) ~[?:1.8.0_181]
	at java.util.zip.GZIPInputStream.<init>(GZIPInputStream.java:91) ~[?:1.8.0_181]
	at ia.a(SourceFile:25) ~[server.jar:?]
	at cix.a(SourceFile:118) ~[server.jar:?]
	at cix.a(SourceFile:52) [server.jar:?]
	at cjj.a(SourceFile:31) [server.jar:?]
	at bcq.a(SourceFile:20) [server.jar:?]
	at ur.i_(SourceFile:132) [server.jar:?]
	at net.minecraft.server.MinecraftServer.a(SourceFile:393) [server.jar:?]
	at net.minecraft.server.MinecraftServer.a(SourceFile:381) [server.jar:?]
	at ts.d(SourceFile:221) [server.jar:?]
	at net.minecraft.server.MinecraftServer.run(SourceFile:602) [server.jar:?]
	at java.lang.Thread.run(Thread.java:748) [?:1.8.0_181]
[17:33:40] [Server thread/ERROR]: Error loading saved data: villages_nether
java.io.EOFException: null
	at java.util.zip.GZIPInputStream.readUByte(GZIPInputStream.java:268) ~[?:1.8.0_181]
	at java.util.zip.GZIPInputStream.readUShort(GZIPInputStream.java:258) ~[?:1.8.0_181]
	at java.util.zip.GZIPInputStream.readHeader(GZIPInputStream.java:164) ~[?:1.8.0_181]
	at java.util.zip.GZIPInputStream.<init>(GZIPInputStream.java:79) ~[?:1.8.0_181]
	at java.util.zip.GZIPInputStream.<init>(GZIPInputStream.java:91) ~[?:1.8.0_181]
	at ia.a(SourceFile:25) ~[server.jar:?]
	at cix.a(SourceFile:118) ~[server.jar:?]
	at cix.a(SourceFile:52) [server.jar:?]
	at cjj.a(SourceFile:31) [server.jar:?]
	at bcq.a(SourceFile:20) [server.jar:?]
	at uk.s_(SourceFile:82) [server.jar:?]
	at net.minecraft.server.MinecraftServer.a(SourceFile:404) [server.jar:?]
	at net.minecraft.server.MinecraftServer.a(SourceFile:381) [server.jar:?]
	at ts.d(SourceFile:221) [server.jar:?]
	at net.minecraft.server.MinecraftServer.run(SourceFile:602) [server.jar:?]
	at java.lang.Thread.run(Thread.java:748) [?:1.8.0_181]
[17:33:40] [Server thread/ERROR]: Error loading saved data: villages_end
java.io.EOFException: null
	at java.util.zip.GZIPInputStream.readUByte(GZIPInputStream.java:268) ~[?:1.8.0_181]
	at java.util.zip.GZIPInputStream.readUShort(GZIPInputStream.java:258) ~[?:1.8.0_181]
	at java.util.zip.GZIPInputStream.readHeader(GZIPInputStream.java:164) ~[?:1.8.0_181]
	at java.util.zip.GZIPInputStream.<init>(GZIPInputStream.java:79) ~[?:1.8.0_181]
	at java.util.zip.GZIPInputStream.<init>(GZIPInputStream.java:91) ~[?:1.8.0_181]
	at ia.a(SourceFile:25) ~[server.jar:?]
	at cix.a(SourceFile:118) ~[server.jar:?]
	at cix.a(SourceFile:52) [server.jar:?]
	at cjj.a(SourceFile:31) [server.jar:?]
	at bcq.a(SourceFile:20) [server.jar:?]
	at uk.s_(SourceFile:82) [server.jar:?]
	at net.minecraft.server.MinecraftServer.a(SourceFile:411) [server.jar:?]
	at net.minecraft.server.MinecraftServer.a(SourceFile:381) [server.jar:?]
	at ts.d(SourceFile:221) [server.jar:?]
	at net.minecraft.server.MinecraftServer.run(SourceFile:602) [server.jar:?]
	at java.lang.Thread.run(Thread.java:748) [?:1.8.0_181]
[17:33:40] [Server thread/INFO]: Preparing start region for dimension minecraft:overworld
[17:33:40] [Server-Worker-1/INFO]: Preparing spawn area: 0%
[17:33:41] [Server-Worker-1/INFO]: Preparing spawn area: 0%
[17:33:41] [Server-Worker-1/INFO]: Preparing spawn area: 0%
[17:33:42] [Server-Worker-1/INFO]: Preparing spawn area: 0%
[17:33:42] [Server-Worker-1/INFO]: Preparing spawn area: 1%
[17:33:43] [Server-Worker-1/INFO]: Preparing spawn area: 1%
[17:33:43] [Server-Worker-1/INFO]: Preparing spawn area: 4%
[17:33:44] [Server-Worker-1/INFO]: Preparing spawn area: 4%
[17:33:44] [Server-Worker-1/INFO]: Preparing spawn area: 7%
[17:33:45] [Server-Worker-1/INFO]: Preparing spawn area: 46%
[17:33:45] [Server-Worker-1/INFO]: Preparing spawn area: 90%
[17:33:46] [Server thread/INFO]: Time elapsed: 5500 ms
[17:33:46] [Server thread/INFO]: Done (7.059s)! For help, type "help"
[17:33:49] [Server thread/INFO]: heymigs6[/192.58.125.8:14379] logged in with entity id 125 at (277.20028820763696, 55.0, 518.4064097487278)
[17:33:49] [Server thread/INFO]: heymigs6 joined the game
[17:33:52] [Server thread/WARN]: Can't keep up! Is the server overloaded? Running 3132ms or 62 ticks behind
[17:34:02] [Server thread/WARN]: Keeping entity minecraft:chicken that already exists with UUID 68b6d6e9-5e1d-4f6f-a774-b4c28e8eed9e
[17:34:02] [Server thread/WARN]: Keeping entity minecraft:chicken that already exists with UUID d91c95d5-d773-450e-8fdc-637486273fc9
[17:34:02] [Server thread/WARN]: Keeping entity minecraft:chicken that already exists with UUID d91c95d5-d773-450e-8fdc-637486273fc9
[17:34:16] [Server thread/INFO]: shiahne[/73.206.97.90:51687] logged in with entity id 578 at (166.45538536991154, 104.0, 177.69999998807907)
[17:34:16] [Server thread/INFO]: shiahne joined the game
[17:34:19] [Server thread/WARN]: Can't keep up! Is the server overloaded? Running 2793ms or 55 ticks behind
[17:34:19] [Server thread/INFO]: MaxNitro[/69.65.247.225:7411] logged in with entity id 579 at (163.6812723423876, 104.0, 172.47353493434142)
[17:34:19] [Server thread/INFO]: MaxNitro joined the game
[17:35:58] [Server thread/INFO]: shiahne lost connection: Disconnected
[17:35:58] [Server thread/INFO]: shiahne left the game
[17:36:41] [Server thread/WARN]: Keeping entity minecraft:chicken that already exists with UUID a5aea07d-c145-4f99-a0f0-4a0e8266e7da
[17:36:41] [Server thread/WARN]: Keeping entity minecraft:pig that already exists with UUID 3713173d-5fd7-4649-a129-5d10fea8c529
[17:36:41] [Server thread/WARN]: Can't keep up! Is the server overloaded? Running 4370ms or 87 ticks behind
[17:36:43] [Server thread/WARN]: Keeping entity minecraft:sheep that already exists with UUID 5a04cdb1-3eba-46a3-b359-6be417f2f131
[17:36:50] [Server thread/WARN]: Boat (vehicle of MaxNitro) moved too quickly! -10.033557336226977,0.0,0.1370093531799057
[17:36:50] [Server thread/WARN]: Boat (vehicle of MaxNitro) moved too quickly! -10.133555890076522,0.0,0.1364724624879159
[17:36:50] [Server thread/WARN]: Boat (vehicle of MaxNitro) moved too quickly! -10.23355444049595,0.0,0.135935571814656
[17:36:50] [Server thread/WARN]: Boat (vehicle of MaxNitro) moved too quickly! -10.33355298885732,0.0,0.13539868115262266
[17:36:50] [Server thread/WARN]: Boat (vehicle of MaxNitro) moved too quickly! -10.433551535983852,0.0,0.13486179049732527
[17:36:50] [Server thread/WARN]: Boat (vehicle of MaxNitro) moved too quickly! -10.53355008832986,0.0,0.13432489981406093
[17:36:50] [Server thread/WARN]: Boat (vehicle of MaxNitro) moved too quickly! -10.633548643807543,0.0,0.13378800911402777
[17:36:50] [Server thread/WARN]: Boat (vehicle of MaxNitro) moved too quickly! -10.733547201164242,0.0,0.13325111840393333
[17:36:50] [Server thread/WARN]: Boat (vehicle of MaxNitro) moved too quickly! -10.833545759648345,0.0,0.1327142276878135
[17:36:50] [Server thread/WARN]: Boat (vehicle of MaxNitro) moved too quickly! -10.933544318808899,0.0,0.13217733696805567
[17:36:50] [Server thread/WARN]: Boat (vehicle of MaxNitro) moved too quickly! -11.033542878375314,0.0,0.1316404462461378
[17:36:50] [Server thread/WARN]: Boat (vehicle of MaxNitro) moved too quickly! -11.133541432224874,0.0,0.13110355555491537
[17:36:50] [Server thread/WARN]: Boat (vehicle of MaxNitro) moved too quickly! -11.233539982644317,0.0,0.13056666488211022
[17:36:50] [Server thread/WARN]: Boat (vehicle of MaxNitro) moved too quickly! -11.333538531005686,0.0,0.1300297742203611
[17:36:50] [Server thread/WARN]: Boat (vehicle of MaxNitro) moved too quickly! -11.433537078132218,0.0,0.12949288356523425
[17:36:50] [Server thread/WARN]: Boat (vehicle of MaxNitro) moved too quickly! -11.533535630478227,0.0,0.1289559928820836
[17:36:50] [Server thread/WARN]: Boat (vehicle of MaxNitro) moved too quickly! -11.63353418595591,0.0,0.12841910218210728
[17:36:50] [Server thread/WARN]: Boat (vehicle of MaxNitro) moved too quickly! -11.733532743312608,0.0,0.12788221147204126
[17:36:50] [Server thread/WARN]: Boat (vehicle of MaxNitro) moved too quickly! -11.833531301796711,0.0,0.12734532075594984
[17:36:50] [Server thread/WARN]: Boat (vehicle of MaxNitro) moved too quickly! -11.933529860957265,0.0,0.12680843003622044
[17:36:50] [Server thread/WARN]: Boat (vehicle of MaxNitro) moved too quickly! -12.03352842052368,0.0,0.12627153931430257
[17:36:50] [Server thread/WARN]: Boat (vehicle of MaxNitro) moved too quickly! -12.13352697437324,0.0,0.12573464862308015
[17:36:50] [Server thread/WARN]: Boat (vehicle of MaxNitro) moved too quickly! -12.233525524792682,0.0,0.125197757950275
[17:36:50] [Server thread/WARN]: Boat (vehicle of MaxNitro) moved too quickly! -12.333524073154052,0.0,0.12466086728852588
[17:36:50] [Server thread/WARN]: Boat (vehicle of MaxNitro) moved too quickly! -12.433522620280584,0.0,0.12412397663339902
[17:36:50] [Server thread/WARN]: Boat (vehicle of MaxNitro) moved too quickly! -12.533521172626592,0.0,0.12358708595024837
[17:36:50] [Server thread/WARN]: Boat (vehicle of MaxNitro) moved too quickly! -12.633519728104275,0.0,0.12305019525027205
[17:36:50] [Server thread/WARN]: Boat (vehicle of MaxNitro) moved too quickly! -12.733518285460974,0.0,0.12251330454020604
[17:36:50] [Server thread/WARN]: Boat (vehicle of MaxNitro) moved too quickly! -12.833516843945077,0.0,0.12197641382411462
[17:36:50] [Server thread/WARN]: Boat (vehicle of MaxNitro) moved too quickly! -12.93351540310563,0.0,0.12143952310438522
[17:36:50] [Server thread/WARN]: Boat (vehicle of MaxNitro) moved too quickly! -13.033513962672046,0.0,0.12090263238246735
[17:36:50] [Server thread/WARN]: Boat (vehicle of MaxNitro) moved too quickly! -13.133512516521606,0.0,0.12036574169124492
[17:36:50] [Server thread/WARN]: Boat (vehicle of MaxNitro) moved too quickly! -13.233511066941048,0.0,0.11982885101843976
[17:36:50] [Server thread/WARN]: Boat (vehicle of MaxNitro) moved too quickly! -13.333509615302418,0.0,0.11929196035669065
[17:36:50] [Server thread/WARN]: Boat (vehicle of MaxNitro) moved too quickly! -13.43350816242895,0.0,0.1187550697015638
[17:36:50] [Server thread/WARN]: Boat (vehicle of MaxNitro) moved too quickly! -13.533506714774958,0.0,0.11821817901841314
[17:36:50] [Server thread/WARN]: Boat (vehicle of MaxNitro) moved too quickly! -13.633505270252641,0.0,0.11768128831843683
[17:36:50] [Server thread/WARN]: Boat (vehicle of MaxNitro) moved too quickly! -13.73350382760934,0.0,0.11714439760837081
[17:36:50] [Server thread/WARN]: Boat (vehicle of MaxNitro) moved too quickly! -13.833502386093443,0.0,0.11660750689227939
[17:36:50] [Server thread/WARN]: Boat (vehicle of MaxNitro) moved too quickly! -13.933500945253996,0.0,0.11607061617254999
[17:36:50] [Server thread/WARN]: Boat (vehicle of MaxNitro) moved too quickly! -14.033499504820412,0.0,0.11553372545063212
[17:36:50] [Server thread/WARN]: Boat (vehicle of MaxNitro) moved too quickly! -14.133498058669971,0.0,0.1149968347594097
[17:36:50] [Server thread/WARN]: Boat (vehicle of MaxNitro) moved too quickly! -14.233496609089414,0.0,0.11445994408660454
[17:36:50] [Server thread/WARN]: Boat (vehicle of MaxNitro) moved too quickly! -14.333495157450784,0.0,0.11392305342485542
[17:36:50] [Server thread/WARN]: Boat (vehicle of MaxNitro) moved too quickly! -14.433493704577316,0.0,0.11338616276972857
[17:36:50] [Server thread/WARN]: Boat (vehicle of MaxNitro) moved too quickly! -14.533492256923324,0.0,0.11284927208657791
[17:36:50] [Server thread/WARN]: Boat (vehicle of MaxNitro) moved too quickly! -14.633490812401007,0.0,0.1123123813866016
[17:36:50] [Server thread/WARN]: Boat (vehicle of MaxNitro) moved too quickly! -14.733489369757706,0.0,0.11177549067653558
[17:36:50] [Server thread/WARN]: Boat (vehicle of MaxNitro) moved too quickly! -14.833487928241809,0.0,0.11123859996044416
[17:36:50] [Server thread/WARN]: Boat (vehicle of MaxNitro) moved too quickly! -14.933486487402362,0.0,0.11070170924071476
[17:36:50] [Server thread/WARN]: Boat (vehicle of MaxNitro) moved too quickly! -15.033485046968778,0.0,0.11016481851879689
[17:36:50] [Server thread/WARN]: Boat (vehicle of MaxNitro) moved too quickly! -15.133483600818337,0.0,0.10962792782757447
[17:36:50] [Server thread/WARN]: Boat (vehicle of MaxNitro) moved too quickly! -15.23348215123778,0.0,0.10909103715476931
[17:36:50] [Server thread/WARN]: Boat (vehicle of MaxNitro) moved too quickly! -15.33348069959915,0.0,0.1085541464930202
[17:36:50] [Server thread/WARN]: Boat (vehicle of MaxNitro) moved too quickly! -15.433479246725682,0.0,0.10801725583789334
[17:36:50] [Server thread/WARN]: Boat (vehicle of MaxNitro) moved too quickly! -15.53347779907169,0.0,0.10748036515474269
[17:36:50] [Server thread/WARN]: Boat (vehicle of MaxNitro) moved too quickly! -15.633476354549373,0.0,0.10694347445476637
[17:36:50] [Server thread/WARN]: Boat (vehicle of MaxNitro) moved too quickly! -15.733474911906072,0.0,0.10640658374470036
[17:36:50] [Server thread/WARN]: Boat (vehicle of MaxNitro) moved too quickly! -15.79347404870424,0.0,0.10608444930588234
[17:36:50] [Server thread/WARN]: Boat (vehicle of MaxNitro) moved too quickly! -15.82947353221364,0.0,0.10589116863491199
[17:36:50] [Server thread/WARN]: Boat (vehicle of MaxNitro) moved too quickly! -15.851073223177565,0.0,0.10577520022772546
[17:36:50] [Server thread/WARN]: Boat (vehicle of MaxNitro) moved too quickly! -15.864033038270904,0.0,0.10570561918063959
[17:36:50] [Server thread/WARN]: Boat (vehicle of MaxNitro) moved too quickly! -15.871808927635897,0.0,0.10566387055072823
[17:36:50] [Server thread/WARN]: Boat (vehicle of MaxNitro) moved too quickly! -15.876474461440282,0.0,0.10563882137179803
[17:36:50] [Server thread/WARN]: Boat (vehicle of MaxNitro) moved too quickly! -15.879273781834144,0.0,0.10562379186384874
[17:36:50] [Server thread/WARN]: Boat (vehicle of MaxNitro) moved too quickly! -15.880953374137206,0.0,0.10561477415870968
[17:36:50] [Server thread/WARN]: Boat (vehicle of MaxNitro) moved too quickly! -15.881961129559087,0.0,0.10560936353542161
[17:36:50] [Server thread/WARN]: Boat (vehicle of MaxNitro) moved too quickly! -15.882565782836238,0.0,0.10560611716130097
[17:36:50] [Server thread/WARN]: Boat (vehicle of MaxNitro) moved too quickly! -15.882928574816944,0.0,0.10560416933677175
[17:36:50] [Server thread/WARN]: Boat (vehicle of MaxNitro) moved too quickly! -15.883146250014022,0.0,0.10560300064199168
[17:36:50] [Server thread/WARN]: Boat (vehicle of MaxNitro) moved too quickly! -15.883276855137453,0.0,0.10560229942510091
[17:36:50] [Server thread/WARN]: Boat (vehicle of MaxNitro) moved too quickly! -15.883355218214632,0.0,0.10560187869495508
[17:36:50] [Server thread/WARN]: Boat (vehicle of MaxNitro) moved too quickly! -15.883402236062807,0.0,0.10560162625685621
[17:36:50] [Server thread/WARN]: Boat (vehicle of MaxNitro) moved too quickly! -15.883430446772834,0.0,0.10560147479398552
[17:36:50] [Server thread/WARN]: Boat (vehicle of MaxNitro) moved too quickly! -15.883447373199516,0.0,0.10560147479398552
[17:36:50] [Server thread/WARN]: Boat (vehicle of MaxNitro) moved too quickly! -15.883457529055931,0.0,0.10560147479398552
[17:36:50] [Server thread/WARN]: Boat (vehicle of MaxNitro) moved too quickly! -15.88346362257002,0.0,0.10560147479398552
[17:36:50] [Server thread/WARN]: Boat (vehicle of MaxNitro) moved too quickly! -15.883467278678623,0.0,0.10560147479398552
[17:36:50] [Server thread/WARN]: Boat (vehicle of MaxNitro) moved too quickly! -15.883469472343876,0.0,0.10560147479398552
[17:36:50] [Server thread/WARN]: Boat (vehicle of MaxNitro) moved too quickly! -15.883470788543079,0.0,0.10560147479398552
[17:36:50] [Server thread/WARN]: Boat (vehicle of MaxNitro) moved too quickly! -15.883471578262629,0.0,0.10560147479398552
[17:36:50] [Server thread/WARN]: Boat (vehicle of MaxNitro) moved too quickly! -15.88847075045932,0.0,0.10548739487992975
[17:36:50] [Server thread/WARN]: Boat (vehicle of MaxNitro) moved too quickly! -15.89646380018499,0.0,0.10516499068771168
[17:36:59] [Server thread/WARN]: Keeping entity minecraft:pig that already exists with UUID 3713173d-5fd7-4649-a129-5d10fea8c529
[17:36:59] [Server thread/WARN]: Keeping entity minecraft:chicken that already exists with UUID a5aea07d-c145-4f99-a0f0-4a0e8266e7da
[17:36:59] [Server thread/WARN]: Keeping entity minecraft:sheep that already exists with UUID 5a04cdb1-3eba-46a3-b359-6be417f2f131
[17:36:59] [Server thread/WARN]: Keeping entity minecraft:sheep that already exists with UUID 5a04cdb1-3eba-46a3-b359-6be417f2f131
[17:36:59] [Server thread/WARN]: Keeping entity minecraft:pig that already exists with UUID e56d9df1-68d0-46db-a884-1a36a5896199
[17:36:59] [Server thread/WARN]: Keeping entity minecraft:sheep that already exists with UUID b59f629f-2cf6-4388-a5e8-559c818ed1d9
[17:36:59] [Server thread/WARN]: Keeping entity minecraft:pig that already exists with UUID 640e2bcc-1e47-40fc-9e2f-964a34889afa
[17:36:59] [Server thread/WARN]: Keeping entity minecraft:sheep that already exists with UUID 12306d1a-9b25-4dda-992b-40b4f8bc091f
[17:36:59] [Server thread/WARN]: Keeping entity minecraft:sheep that already exists with UUID ea324eee-cbf8-4146-aa4a-49d9529ce08b
[17:37:00] [Server thread/WARN]: Keeping entity minecraft:item that already exists with UUID d7b2fdca-6d23-4472-9039-edea6d2f7261
[17:37:00] [Server thread/WARN]: Keeping entity minecraft:cow that already exists with UUID 1ddca6f5-8434-4414-b4e8-6b67aced3166
[17:37:00] [Server thread/WARN]: Keeping entity minecraft:cow that already exists with UUID 8613a450-be6e-402b-9293-85c68d0b70b2
[17:37:00] [Server thread/WARN]: Keeping entity minecraft:cow that already exists with UUID 0fe74331-2cdb-4239-813c-34770f88cda3
[17:37:00] [Server thread/WARN]: Keeping entity minecraft:cow that already exists with UUID 09d7bd55-fcd8-4437-8334-239f78303186
[17:37:00] [Server thread/WARN]: Keeping entity minecraft:sheep that already exists with UUID 12306d1a-9b25-4dda-992b-40b4f8bc091f
[17:37:05] [Server thread/INFO]: shiahne[/73.206.97.90:51695] logged in with entity id 1832 at (154.37212486319223, 104.0, 172.3075434821718)
[17:37:05] [Server thread/INFO]: shiahne joined the game
[17:37:15] [Server thread/WARN]: Keeping entity minecraft:sheep that already exists with UUID 70d7a44e-29d5-440d-8875-584361454ae7
[17:37:15] [Server thread/WARN]: Keeping entity minecraft:sheep that already exists with UUID 0e690e66-5f3f-4377-a96f-b3b91e120b1b
[17:37:15] [Server thread/WARN]: Keeping entity minecraft:pig that already exists with UUID aeaed3d1-aace-42f3-a9eb-ad97e2d55a49
[17:37:15] [Server thread/WARN]: Keeping entity minecraft:pig that already exists with UUID dd1ce98b-b3a7-49e6-b9c0-0df1b4729748
[17:37:15] [Server thread/WARN]: Keeping entity minecraft:pig that already exists with UUID 2d3414bf-da84-4eb4-903f-7b2829193c1c
[17:37:16] [Server thread/WARN]: Keeping entity minecraft:pig that already exists with UUID 6370a839-ae31-488b-9ba8-6648bd99a2f3
[17:37:16] [Server thread/WARN]: Keeping entity minecraft:pig that already exists with UUID bc7e5f52-e08e-46fe-9089-d58ba2188995
[17:37:16] [Server thread/WARN]: Keeping entity minecraft:pig that already exists with UUID a6768cce-7a46-49e9-a12c-921d15b7ce70
[17:37:16] [Server thread/WARN]: Keeping entity minecraft:chicken that already exists with UUID 7f50ad75-3053-45b2-9c75-ff6b59054c9f
[17:37:16] [Server thread/WARN]: Keeping entity minecraft:pig that already exists with UUID f9dc7591-c8ac-44dd-9ae3-610c821e6213
[17:37:16] [Server thread/WARN]: Keeping entity minecraft:pig that already exists with UUID 188b97fd-f028-4386-8a31-92b47ad0d4bb
[17:37:16] [Server thread/WARN]: Keeping entity minecraft:pig that already exists with UUID e13ddfb6-9122-442e-a092-3a39871843b4
[17:37:16] [Server thread/WARN]: Keeping entity minecraft:chicken that already exists with UUID 4515fa4f-f761-42a5-a0a7-cec1379041be
[17:37:16] [Server thread/WARN]: Keeping entity minecraft:chicken that already exists with UUID e071b5d4-e2ba-45d6-8437-6b6bf8f2a64c
[17:37:16] [Server thread/WARN]: Keeping entity minecraft:cow that already exists with UUID 92353221-775e-4e7d-af74-47d9a743e555
[17:37:16] [Server thread/WARN]: Keeping entity minecraft:chicken that already exists with UUID 46f0b439-8657-47b4-86ee-dbe84cc3e437
[17:37:16] [Server thread/WARN]: Keeping entity minecraft:item that already exists with UUID 52d8ce1b-d1e0-440c-bcbe-f9f0fea40af5
[17:37:16] [Server thread/WARN]: Keeping entity minecraft:pig that already exists with UUID 8a24f530-c754-4bde-8d50-8a3358206e24
[17:37:16] [Server thread/WARN]: Keeping entity minecraft:sheep that already exists with UUID 9f968b53-33c8-42be-95ac-0886b39354d7
[17:37:19] [Server thread/WARN]: Keeping entity minecraft:sheep that already exists with UUID 8443d807-c827-403a-bd7a-26ac520ab2f2
[17:37:39] [Server thread/INFO]: heymigs6 lost connection: Disconnected
[17:37:39] [Server thread/INFO]: heymigs6 left the game
[17:37:56] [Server thread/WARN]: Keeping entity minecraft:chicken that already exists with UUID a5aea07d-c145-4f99-a0f0-4a0e8266e7da
[17:37:56] [Server thread/WARN]: Keeping entity minecraft:pig that already exists with UUID 3713173d-5fd7-4649-a129-5d10fea8c529
[17:37:56] [Server thread/WARN]: Keeping entity minecraft:sheep that already exists with UUID 5a04cdb1-3eba-46a3-b359-6be417f2f131
[17:37:56] [Server thread/WARN]: Keeping entity minecraft:pig that already exists with UUID 640e2bcc-1e47-40fc-9e2f-964a34889afa
[17:38:23] [Server thread/INFO]: heymigs6[/192.58.125.8:19108] logged in with entity id 2455 at (1273.5, 67.0, 1389.5)
[17:38:23] [Server thread/INFO]: heymigs6 joined the game
[17:38:35] [Server thread/WARN]: Keeping entity minecraft:sheep that already exists with UUID 12306d1a-9b25-4dda-992b-40b4f8bc091f
[17:43:15] [Server thread/WARN]: Can't keep up! Is the server overloaded? Running 4672ms or 93 ticks behind
[17:43:30] [Server thread/WARN]: Keeping entity minecraft:villager that already exists with UUID 0ebb5c40-b468-4ea6-bd8e-0d2d99b1fbc4
[17:43:38] [Server thread/WARN]: Can't keep up! Is the server overloaded? Running 7302ms or 146 ticks behind
[17:46:09] [Server thread/WARN]: Keeping entity minecraft:chicken that already exists with UUID 68b6d6e9-5e1d-4f6f-a774-b4c28e8eed9e
[17:46:09] [Server thread/WARN]: Keeping entity minecraft:chicken that already exists with UUID d91c95d5-d773-450e-8fdc-637486273fc9
[17:46:09] [Server thread/WARN]: Keeping entity minecraft:chicken that already exists with UUID d91c95d5-d773-450e-8fdc-637486273fc9
[17:50:11] [Server thread/INFO]: MaxNitro lost connection: Disconnected
[17:50:11] [Server thread/INFO]: MaxNitro left the game
[17:55:40] [Server thread/INFO]: heymigs6 tried to swim in lava
[17:55:50] [Server thread/WARN]: Can't keep up! Is the server overloaded? Running 4279ms or 85 ticks behind
[17:56:10] [Server thread/WARN]: heymigs6 moved too quickly! 8.366175437385209,3.0013359791121417,4.671301806935389
[17:56:15] [Server thread/WARN]: Can't keep up! Is the server overloaded? Running 9910ms or 198 ticks behind
[17:56:19] [Server thread/WARN]: Keeping entity minecraft:villager that already exists with UUID 0ebb5c40-b468-4ea6-bd8e-0d2d99b1fbc4
[17:56:30] [Server thread/WARN]: Keeping entity minecraft:villager that already exists with UUID 0ebb5c40-b468-4ea6-bd8e-0d2d99b1fbc4
[17:56:42] [Server thread/WARN]: Keeping entity minecraft:villager that already exists with UUID 0ebb5c40-b468-4ea6-bd8e-0d2d99b1fbc4
[17:56:44] [Server thread/WARN]: Keeping entity minecraft:drowned that already exists with UUID b80ed313-66df-4095-b164-bf868026085e
[17:56:47] [Server thread/WARN]: Keeping entity minecraft:chest_minecart that already exists with UUID 4a97d0c5-ddf0-4dfc-aec7-2e31b811f7de
[17:56:47] [Server thread/WARN]: Keeping entity minecraft:item that already exists with UUID d602644a-9d01-49cd-97a9-ba911bdbb5e1
[17:56:47] [Server thread/WARN]: Keeping entity minecraft:chest_minecart that already exists with UUID 65eec288-2e88-4914-8671-e940b405ab14
[17:56:48] [Server thread/INFO]: heymigs6 lost connection: Disconnected
[17:56:48] [Server thread/INFO]: heymigs6 left the game
[17:56:48] [Server thread/WARN]: shiahne moved too quickly! 8.485693769482396,2.7531999805212024,4.651405106690845
[17:56:49] [Server thread/INFO]: heymigs6[/192.58.125.8:52925] logged in with entity id 31566 at (1313.1848142136048, 70.55000001192093, 1390.7636234052827)
[17:56:49] [Server thread/INFO]: heymigs6 joined the game
[17:56:57] [Server thread/WARN]: Keeping entity minecraft:pig that already exists with UUID 1a23a9fb-f8ab-4755-a9bb-5ba98e0feb70
[17:56:57] [Server thread/WARN]: Keeping entity minecraft:item that already exists with UUID 1d8bc620-f1c3-4279-8508-7e398d18d383
[17:56:57] [Server thread/WARN]: Keeping entity minecraft:item that already exists with UUID 7b8099fb-c679-4576-b4cf-cc93f08c729f
[17:56:57] [Server thread/WARN]: Keeping entity minecraft:item that already exists with UUID 7a7004bb-0a78-4809-8eb3-9551ec7b4c46
[17:56:57] [Server thread/WARN]: Keeping entity minecraft:item that already exists with UUID 1e2c6be8-1cc5-4e7f-bd6e-0e0ce0eb62df
[17:56:57] [Server thread/WARN]: Keeping entity minecraft:pig that already exists with UUID 7830d030-f116-4acd-a243-10cbec0248c7
[17:56:57] [Server thread/WARN]: Keeping entity minecraft:pig that already exists with UUID 62fe1ca1-8b73-49f4-896c-48eb6ce2165d
[17:57:01] [Server thread/WARN]: Keeping entity minecraft:pig that already exists with UUID 1a23a9fb-f8ab-4755-a9bb-5ba98e0feb70
[17:57:01] [Server thread/WARN]: Keeping entity minecraft:item that already exists with UUID 1d8bc620-f1c3-4279-8508-7e398d18d383
[17:57:01] [Server thread/WARN]: Keeping entity minecraft:item that already exists with UUID 7b8099fb-c679-4576-b4cf-cc93f08c729f
[17:57:01] [Server thread/WARN]: Keeping entity minecraft:pig that already exists with UUID 7830d030-f116-4acd-a243-10cbec0248c7
[17:57:01] [Server thread/WARN]: Keeping entity minecraft:pig that already exists with UUID 62fe1ca1-8b73-49f4-896c-48eb6ce2165d
[17:57:10] [Server thread/WARN]: Keeping entity minecraft:pig that already exists with UUID 1a23a9fb-f8ab-4755-a9bb-5ba98e0feb70
[17:57:10] [Server thread/WARN]: Keeping entity minecraft:pig that already exists with UUID 7830d030-f116-4acd-a243-10cbec0248c7
[17:57:10] [Server thread/WARN]: Keeping entity minecraft:pig that already exists with UUID 62fe1ca1-8b73-49f4-896c-48eb6ce2165d
[17:57:21] [Server thread/WARN]: Keeping entity minecraft:item that already exists with UUID 407a3cfb-dcbd-4b16-baa6-b54263d49b10
[17:57:21] [Server thread/WARN]: Keeping entity minecraft:item that already exists with UUID 12054859-4cf7-4dba-8124-d9dcbc47106c
[17:57:21] [Server thread/WARN]: Keeping entity minecraft:item that already exists with UUID 94cfa5f0-20ad-46bb-92cd-3c408749a1e8
[17:57:21] [Server thread/WARN]: Keeping entity minecraft:item that already exists with UUID 207c7b9e-4168-432c-8efe-f2a0e2bbcf45
[17:57:37] [Server thread/WARN]: Keeping entity minecraft:item that already exists with UUID 7a7004bb-0a78-4809-8eb3-9551ec7b4c46
[17:57:37] [Server thread/WARN]: Keeping entity minecraft:item that already exists with UUID 1e2c6be8-1cc5-4e7f-bd6e-0e0ce0eb62df
[17:57:42] [Server thread/WARN]: Keeping entity minecraft:item that already exists with UUID a85fef2b-8ef4-43f3-9f07-c2bb678b0dff
[17:57:42] [Server thread/WARN]: Keeping entity minecraft:sheep that already exists with UUID 3e46677e-e36d-4cfb-b628-6c1c3ee68820
[17:57:42] [Server thread/WARN]: Keeping entity minecraft:sheep that already exists with UUID 767f3fef-6e83-48f1-bc3a-99d4874cd6c7
[17:57:43] [Server thread/INFO]: heymigs6 lost connection: Disconnected
[17:57:43] [Server thread/INFO]: heymigs6 left the game
[17:57:45] [Server thread/WARN]: Can't keep up! Is the server overloaded? Running 74631ms or 1492 ticks behind
[17:57:53] [Server thread/INFO]: shiahne lost connection: Disconnected
[17:57:53] [Server thread/INFO]: shiahne left the game
[17:58:01] [Server thread/WARN]: Keeping entity minecraft:chicken that already exists with UUID 68b6d6e9-5e1d-4f6f-a774-b4c28e8eed9e
[17:58:01] [Server thread/WARN]: Keeping entity minecraft:chicken that already exists with UUID d91c95d5-d773-450e-8fdc-637486273fc9
[17:58:01] [Server thread/WARN]: Keeping entity minecraft:chicken that already exists with UUID d91c95d5-d773-450e-8fdc-637486273fc9
